<?xml version="1.0" encoding="UTF-8"?>
<Site BuildName="Win32-MSBuild"
	BuildStamp="20240316-0525-Experimental"
	Name="DESKTOP-PF6BU33"
	Generator="ctest-3.26.4-msvc4"
	CompilerName="C:/Program Files/Microsoft Visual Studio/2022/Community/VC/Tools/MSVC/14.37.32822/bin/Hostx64/x64/cl.exe"
	CompilerVersion="19.37.32822.0"
	OSName="Windows"
	Hostname="DESKTOP-PF6BU33"
	OSRelease=" Professional"
	OSVersion=" (Build 19045)"
	OSPlatform="AMD64"
	Is64Bits="1"
	VendorString="GenuineIntel"
	VendorID="Intel Corporation"
	FamilyID="6"
	ModelID="13"
	ProcessorCacheSize="-1"
	NumberOfLogicalCPU="12"
	NumberOfPhysicalCPU="6"
	TotalVirtualMemory="19690"
	TotalPhysicalMemory="16106"
	LogicalProcessorsPerPhysical="2"
	ProcessorClockFrequency="2687"
	>
	<Testing>
		<StartDateTime>Mar 16 20:03 [NON-UTF-8-BYTE-0xD2][NON-UTF-8-BYTE-0xEE][NON-UTF-8-BYTE-0xEC][NON-UTF-8-BYTE-0xF1][NON-UTF-8-BYTE-0xEA] ([NON-UTF-8-BYTE-0xE7][NON-UTF-8-BYTE-0xE8][NON-UTF-8-BYTE-0xEC][NON-UTF-8-BYTE-0xE0])</StartDateTime>
		<StartTestTime>1710594185</StartTestTime>
		<TestList/>
		<EndDateTime>Mar 16 20:03 [NON-UTF-8-BYTE-0xD2][NON-UTF-8-BYTE-0xEE][NON-UTF-8-BYTE-0xEC][NON-UTF-8-BYTE-0xF1][NON-UTF-8-BYTE-0xEA] ([NON-UTF-8-BYTE-0xE7][NON-UTF-8-BYTE-0xE8][NON-UTF-8-BYTE-0xEC][NON-UTF-8-BYTE-0xE0])</EndDateTime>
		<EndTestTime>1710594185</EndTestTime>
		<ElapsedMinutes>0</ElapsedMinutes>
	</Testing>
</Site>
